<?xml version="1.0" encoding="UTF-8"?>
<!-- Generated by org.testng.reporters.JUnitReportReporter -->
<testsuite hostname="DESKTOP-Q2QGO7D" failures="0" tests="1" name="com.testrunner.RunnerTest" time="28.548" errors="0" timestamp="2023-05-11T15:33:40 IST" skipped="0">
  <testcase classname="com.testrunner.RunnerTest" name="runScenario" time="28.548"/>
  <system-out/>
</testsuite> <!-- com.testrunner.RunnerTest -->
